0 info it worked if it ends with ok
1 verbose cli [ '/usr/local/bin/node',
1 verbose cli   '/usr/local/bin/npm',
1 verbose cli   'install',
1 verbose cli   '-g',
1 verbose cli   'cordova' ]
2 info using npm@2.14.12
3 info using node@v4.2.4
4 verbose install initial load of /usr/local/lib/package.json
5 verbose readDependencies loading dependencies from /usr/local/lib/package.json
6 silly cache add args [ 'cordova', null ]
7 verbose cache add spec cordova
8 silly cache add parsed spec Result {
8 silly cache add   raw: 'cordova',
8 silly cache add   scope: null,
8 silly cache add   name: 'cordova',
8 silly cache add   rawSpec: '',
8 silly cache add   spec: 'latest',
8 silly cache add   type: 'tag' }
9 silly addNamed cordova@latest
10 verbose addNamed "latest" is being treated as a dist-tag for cordova
11 info addNameTag [ 'cordova', 'latest' ]
12 silly mapToRegistry name cordova
13 silly mapToRegistry using default registry
14 silly mapToRegistry registry https://registry.npmjs.org/
15 silly mapToRegistry uri https://registry.npmjs.org/cordova
16 verbose addNameTag registry:https://registry.npmjs.org/cordova not in flight; fetching
17 verbose request uri https://registry.npmjs.org/cordova
18 verbose request no auth needed
19 info attempt registry request try #1 at 1:37:12 PM
20 verbose request id 821e426f3aa669ca
21 verbose etag "5a6e8c2e-1f0885"
22 verbose lastModified Mon, 29 Jan 2018 2:51:26 GMT
23 http request GET https://registry.npmjs.org/cordova
24 http 304 https://registry.npmjs.org/cordova
25 verbose headers { date: 'Tue, 30 Jan 2018 20:37:12 GMT',
25 verbose headers   via: '1.1 varnish',
25 verbose headers   'cache-control': 'max-age=300',
25 verbose headers   etag: '"5a6e8c2e-1f0885"',
25 verbose headers   age: '9525',
25 verbose headers   connection: 'keep-alive',
25 verbose headers   'x-served-by': 'cache-lax8620-LAX',
25 verbose headers   'x-cache': 'HIT',
25 verbose headers   'x-cache-hits': '2',
25 verbose headers   'x-timer': 'S1517344633.607127,VS0,VE0',
25 verbose headers   vary: 'Accept-Encoding, Accept' }
26 silly get cb [ 304,
26 silly get   { date: 'Tue, 30 Jan 2018 20:37:12 GMT',
26 silly get     via: '1.1 varnish',
26 silly get     'cache-control': 'max-age=300',
26 silly get     etag: '"5a6e8c2e-1f0885"',
26 silly get     age: '9525',
26 silly get     connection: 'keep-alive',
26 silly get     'x-served-by': 'cache-lax8620-LAX',
26 silly get     'x-cache': 'HIT',
26 silly get     'x-cache-hits': '2',
26 silly get     'x-timer': 'S1517344633.607127,VS0,VE0',
26 silly get     vary: 'Accept-Encoding, Accept' } ]
27 verbose etag https://registry.npmjs.org/cordova from cache
28 verbose get saving cordova to /Users/carlosgutierrez/.npm/registry.npmjs.org/cordova/.cache.json
29 silly addNameTag next cb for cordova with tag latest
30 silly addNamed cordova@8.0.0
31 verbose addNamed "8.0.0" is a plain semver version for cordova
32 silly cache afterAdd cordova@8.0.0
33 verbose afterAdd /Users/carlosgutierrez/.npm/cordova/8.0.0/package/package.json not in flight; writing
34 verbose afterAdd /Users/carlosgutierrez/.npm/cordova/8.0.0/package/package.json written
35 silly install resolved [ { name: 'cordova',
35 silly install resolved     version: '8.0.0',
35 silly install resolved     preferGlobal: true,
35 silly install resolved     description: 'Cordova command line interface tool',
35 silly install resolved     main: 'cordova',
35 silly install resolved     engines: { node: '>=4.0.0' },
35 silly install resolved     bin: { cordova: './bin/cordova' },
35 silly install resolved     scripts:
35 silly install resolved      { test: 'npm run eslint && npm run jasmine',
35 silly install resolved        eslint: 'eslint spec  && eslint src',
35 silly install resolved        cover: 'istanbul cover --root src --print detail jasmine',
35 silly install resolved        jasmine: 'jasmine' },
35 silly install resolved     repository:
35 silly install resolved      { type: 'git',
35 silly install resolved        url: 'git+https://github.com/apache/cordova-cli.git' },
35 silly install resolved     bugs:
35 silly install resolved      { url: 'https://issues.apache.org/jira/browse/CB',
35 silly install resolved        email: 'dev@cordova.apache.org' },
35 silly install resolved     keywords: [ 'cordova', 'client', 'cli' ],
35 silly install resolved     dependencies:
35 silly install resolved      { configstore: '2.1.0',
35 silly install resolved        'cordova-common': '^2.2.0',
35 silly install resolved        'cordova-lib': '8.0.0',
35 silly install resolved        editor: '1.0.0',
35 silly install resolved        insight: '0.8.4',
35 silly install resolved        nopt: '3.0.1',
35 silly install resolved        'update-notifier': '0.5.0' },
35 silly install resolved     devDependencies:
35 silly install resolved      { eslint: '^4.0.0',
35 silly install resolved        'eslint-config-semistandard': '^11.0.0',
35 silly install resolved        'eslint-config-standard': '^10.2.1',
35 silly install resolved        'eslint-plugin-import': '^2.3.0',
35 silly install resolved        'eslint-plugin-node': '^5.0.0',
35 silly install resolved        'eslint-plugin-promise': '^3.5.0',
35 silly install resolved        'eslint-plugin-standard': '^3.0.1',
35 silly install resolved        istanbul: '^0.4.5',
35 silly install resolved        jasmine: '^2.5.2',
35 silly install resolved        rewire: '^2.5.2' },
35 silly install resolved     author: { name: 'Anis Kadri' },
35 silly install resolved     contributors:
35 silly install resolved      [ [Object],
35 silly install resolved        [Object],
35 silly install resolved        [Object],
35 silly install resolved        [Object],
35 silly install resolved        [Object],
35 silly install resolved        [Object],
35 silly install resolved        [Object],
35 silly install resolved        [Object],
35 silly install resolved        [Object],
35 silly install resolved        [Object],
35 silly install resolved        [Object],
35 silly install resolved        [Object],
35 silly install resolved        [Object],
35 silly install resolved        [Object],
35 silly install resolved        [Object],
35 silly install resolved        [Object],
35 silly install resolved        [Object],
35 silly install resolved        [Object],
35 silly install resolved        [Object],
35 silly install resolved        [Object],
35 silly install resolved        [Object],
35 silly install resolved        [Object],
35 silly install resolved        [Object],
35 silly install resolved        [Object] ],
35 silly install resolved     license: 'Apache-2.0',
35 silly install resolved     homepage: 'https://github.com/apache/cordova-cli#readme',
35 silly install resolved     _id: 'cordova@8.0.0',
35 silly install resolved     _shasum: '2e8446d9493caafd870b1090785e7f03e2ae6a43',
35 silly install resolved     _resolved: 'https://registry.npmjs.org/cordova/-/cordova-8.0.0.tgz',
35 silly install resolved     _from: 'cordova@latest',
35 silly install resolved     _npmVersion: '4.6.1',
35 silly install resolved     _nodeVersion: '8.9.3',
35 silly install resolved     _npmUser: { name: 'stevegill', email: 'stevengill97@gmail.com' },
35 silly install resolved     dist:
35 silly install resolved      { shasum: '2e8446d9493caafd870b1090785e7f03e2ae6a43',
35 silly install resolved        tarball: 'https://registry.npmjs.org/cordova/-/cordova-8.0.0.tgz' },
35 silly install resolved     maintainers:
35 silly install resolved      [ [Object],
35 silly install resolved        [Object],
35 silly install resolved        [Object],
35 silly install resolved        [Object],
35 silly install resolved        [Object],
35 silly install resolved        [Object],
35 silly install resolved        [Object],
35 silly install resolved        [Object],
35 silly install resolved        [Object],
35 silly install resolved        [Object],
35 silly install resolved        [Object],
35 silly install resolved        [Object],
35 silly install resolved        [Object],
35 silly install resolved        [Object],
35 silly install resolved        [Object],
35 silly install resolved        [Object],
35 silly install resolved        [Object],
35 silly install resolved        [Object],
35 silly install resolved        [Object] ],
35 silly install resolved     _npmOperationalInternal:
35 silly install resolved      { host: 's3://npm-registry-packages',
35 silly install resolved        tmp: 'tmp/cordova-8.0.0.tgz_1513711068304_0.19917534850537777' },
35 silly install resolved     directories: {},
35 silly install resolved     readme: 'ERROR: No README data found!' } ]
36 info install cordova@8.0.0 into /usr/local/lib
37 info installOne cordova@8.0.0
38 verbose installOne of cordova to /usr/local/lib not in flight; installing
39 verbose lock using /Users/carlosgutierrez/.npm/_locks/cordova-fa12e2e096426a32.lock for /usr/local/lib/node_modules/cordova
40 silly install write writing cordova 8.0.0 to /usr/local/lib/node_modules/cordova
41 verbose unbuild lib/node_modules/cordova
42 info preuninstall cordova@5.4.1
43 info uninstall cordova@5.4.1
44 verbose unbuild rmStuff cordova@5.4.1 from /usr/local/lib/node_modules
45 silly gentlyRm /usr/local/bin/cordova is being gently removed
46 silly gentlyRm verifying /usr/local is an npm working directory
47 silly gentlyRm containing path /usr/local is under npm's control, in /usr/local
48 silly gentlyRm deletion target /usr/local/bin/cordova is under /usr/local
49 verbose gentlyRm vacuuming from /usr/local/bin/cordova up to /usr/local
50 silly vacuum-fs removing /usr/local/bin/cordova
51 verbose unlock done using /Users/carlosgutierrez/.npm/_locks/cordova-fa12e2e096426a32.lock for /usr/local/lib/node_modules/cordova
52 verbose stack Error: EACCES: permission denied, unlink '/usr/local/bin/cordova'
52 verbose stack     at Error (native)
53 verbose cwd /Applications/XAMPP/xamppfiles/htdocs/PhoneGapSQLite
54 error Darwin 14.5.0
55 error argv "/usr/local/bin/node" "/usr/local/bin/npm" "install" "-g" "cordova"
56 error node v4.2.4
57 error npm  v2.14.12
58 error path /usr/local/bin/cordova
59 error code EACCES
60 error errno -13
61 error syscall unlink
62 error Error: EACCES: permission denied, unlink '/usr/local/bin/cordova'
62 error     at Error (native)
62 error  { [Error: EACCES: permission denied, unlink '/usr/local/bin/cordova']
62 error   errno: -13,
62 error   code: 'EACCES',
62 error   syscall: 'unlink',
62 error   path: '/usr/local/bin/cordova' }
63 error Please try running this command again as root/Administrator.
64 verbose exit [ -13, true ]
65 verbose unbuild lib/node_modules/cordova
66 info preuninstall cordova@5.4.1
67 info uninstall cordova@5.4.1
68 verbose unbuild rmStuff cordova@5.4.1 from /usr/local/lib/node_modules
69 silly gentlyRm /usr/local/bin/cordova is being gently removed
70 silly gentlyRm verifying /usr/local is an npm working directory
71 silly gentlyRm containing path /usr/local is under npm's control, in /usr/local
72 silly gentlyRm deletion target /usr/local/bin/cordova is under /usr/local
73 verbose gentlyRm vacuuming from /usr/local/bin/cordova up to /usr/local
74 silly vacuum-fs removing /usr/local/bin/cordova
75 error error rolling back Error: EACCES: permission denied, unlink '/usr/local/bin/cordova'
75 error error rolling back     at Error (native)
75 error error rolling back  { [Error: EACCES: permission denied, unlink '/usr/local/bin/cordova']
75 error error rolling back   errno: -13,
75 error error rolling back   code: 'EACCES',
75 error error rolling back   syscall: 'unlink',
75 error error rolling back   path: '/usr/local/bin/cordova' }
